INFO 2023-08-17 20:11:38,033 basehttp 11096 10988 "GET / HTTP/1.1" 200 5486
WARNING 2023-08-17 20:12:27,188 log 11096 14128 Method Not Allowed: /login/
WARNING 2023-08-17 20:12:27,189 basehttp 11096 14128 "GET /login/ HTTP/1.1" 405 7716
WARNING 2023-08-17 20:12:30,116 log 11096 14128 Unauthorized: /login/
WARNING 2023-08-17 20:12:30,117 basehttp 11096 14128 "POST /login/ HTTP/1.1" 401 7656
INFO 2023-08-17 20:12:48,110 basehttp 11096 9832 "POST /login/ HTTP/1.1" 200 8163
INFO 2023-08-17 20:12:59,569 basehttp 11096 13652 "GET /course/14021002 HTTP/1.1" 301 0
INFO 2023-08-17 20:12:59,594 basehttp 11096 9468 "GET /course/14021002/ HTTP/1.1" 200 343
INFO 2023-08-17 20:13:12,471 basehttp 11096 9468 "GET /course/14021002/members HTTP/1.1" 200 276
INFO 2023-08-17 20:21:02,411 autoreload 11096 11760 D:\Our TAM project\Backend\tam\tam\settings.py changed, reloading.
INFO 2023-08-17 20:21:03,100 autoreload 10476 13652 Watching for file changes with StatReloader
INFO 2023-08-17 20:21:52,901 autoreload 10476 13652 D:\Our TAM project\Backend\tam\tam\settings.py changed, reloading.
INFO 2023-08-17 20:21:53,587 autoreload 11460 13560 Watching for file changes with StatReloader
INFO 2023-08-18 18:10:23,382 autoreload 1228 3196 Watching for file changes with StatReloader
INFO 2023-08-18 18:10:43,392 basehttp 1228 2744 "GET / HTTP/1.1" 200 5486
WARNING 2023-08-18 18:10:43,842 log 1228 2744 Not Found: /favicon.ico
WARNING 2023-08-18 18:10:43,843 basehttp 1228 2744 "GET /favicon.ico HTTP/1.1" 404 3696
INFO 2023-08-18 18:11:02,671 basehttp 1228 2744 "GET / HTTP/1.1" 200 5486
INFO 2023-08-18 18:11:07,265 basehttp 1228 2744 "GET / HTTP/1.1" 200 5486
INFO 2023-08-19 11:06:35,257 autoreload 5300 5192 Watching for file changes with StatReloader
INFO 2023-08-19 11:07:52,635 autoreload 5300 5192 D:\Our TAM project\Backend\tam\courses\models.py changed, reloading.
INFO 2023-08-19 11:07:53,239 autoreload 3364 7128 Watching for file changes with StatReloader
INFO 2023-08-19 11:08:12,351 basehttp 3364 3776 "GET / HTTP/1.1" 200 5486
INFO 2023-08-19 11:08:12,411 basehttp 3364 3776 "GET /static/rest_framework/css/bootstrap.min.css HTTP/1.1" 304 0
INFO 2023-08-19 11:08:12,420 basehttp 3364 5540 "GET /static/rest_framework/css/bootstrap-tweaks.css HTTP/1.1" 304 0
INFO 2023-08-19 11:08:12,433 basehttp 3364 3776 "GET /static/rest_framework/js/jquery-3.5.1.min.js HTTP/1.1" 304 0
INFO 2023-08-19 11:08:12,440 basehttp 3364 5540 "GET /static/rest_framework/js/bootstrap.min.js HTTP/1.1" 304 0
INFO 2023-08-19 11:08:12,445 basehttp 3364 3848 "GET /static/rest_framework/css/prettify.css HTTP/1.1" 304 0
INFO 2023-08-19 11:08:12,449 basehttp 3364 8376 "GET /static/rest_framework/css/default.css HTTP/1.1" 304 0
INFO 2023-08-19 11:08:12,453 basehttp 3364 3776 "GET /static/rest_framework/js/prettify-min.js HTTP/1.1" 304 0
INFO 2023-08-19 11:08:12,455 basehttp 3364 5540 "GET /static/rest_framework/js/default.js HTTP/1.1" 304 0
INFO 2023-08-19 11:08:12,456 basehttp 3364 5376 "GET /static/rest_framework/js/ajax-form.js HTTP/1.1" 304 0
INFO 2023-08-19 11:08:12,459 basehttp 3364 11908 "GET /static/rest_framework/js/csrf.js HTTP/1.1" 304 0
INFO 2023-08-19 11:08:12,511 basehttp 3364 11908 "GET /static/rest_framework/img/grid.png HTTP/1.1" 304 0
WARNING 2023-08-19 11:08:13,412 log 3364 11908 Not Found: /favicon.ico
WARNING 2023-08-19 11:08:13,413 basehttp 3364 11908 "GET /favicon.ico HTTP/1.1" 404 3872
INFO 2023-08-19 11:08:18,621 basehttp 3364 11908 "GET /admin/ HTTP/1.1" 302 0
INFO 2023-08-19 11:08:18,775 basehttp 3364 11908 "GET /admin/login/?next=/admin/ HTTP/1.1" 200 4181
INFO 2023-08-19 11:08:18,805 basehttp 3364 11908 "GET /static/admin/css/base.css HTTP/1.1" 304 0
INFO 2023-08-19 11:08:18,812 basehttp 3364 3776 "GET /static/admin/css/responsive.css HTTP/1.1" 304 0
INFO 2023-08-19 11:08:18,813 basehttp 3364 5376 "GET /static/admin/css/dark_mode.css HTTP/1.1" 304 0
INFO 2023-08-19 11:08:18,813 basehttp 3364 5540 "GET /static/admin/css/nav_sidebar.css HTTP/1.1" 304 0
INFO 2023-08-19 11:08:18,815 basehttp 3364 11908 "GET /static/admin/css/login.css HTTP/1.1" 304 0
INFO 2023-08-19 11:08:18,822 basehttp 3364 11908 "GET /static/admin/js/theme.js HTTP/1.1" 304 0
INFO 2023-08-19 11:08:18,822 basehttp 3364 5540 "GET /static/admin/js/nav_sidebar.js HTTP/1.1" 304 0
INFO 2023-08-19 11:08:31,013 basehttp 3364 5540 "POST /admin/login/?next=/admin/ HTTP/1.1" 200 4345
INFO 2023-08-19 11:08:37,110 basehttp 3364 5540 "POST /admin/login/?next=/admin/ HTTP/1.1" 302 0
INFO 2023-08-19 11:08:37,165 basehttp 3364 5540 "GET /admin/ HTTP/1.1" 200 10689
INFO 2023-08-19 11:08:37,185 basehttp 3364 5540 "GET /static/admin/css/dashboard.css HTTP/1.1" 304 0
INFO 2023-08-19 11:08:37,203 basehttp 3364 5540 "GET /static/admin/img/icon-addlink.svg HTTP/1.1" 304 0
INFO 2023-08-19 11:08:37,203 basehttp 3364 11908 "GET /static/admin/img/icon-changelink.svg HTTP/1.1" 304 0
INFO 2023-08-19 11:08:39,519 basehttp 3364 11908 "GET /admin/courses/course/ HTTP/1.1" 200 10075
INFO 2023-08-19 11:08:39,544 basehttp 3364 11908 "GET /static/admin/css/changelists.css HTTP/1.1" 304 0
INFO 2023-08-19 11:08:39,544 basehttp 3364 3776 "GET /static/admin/js/vendor/jquery/jquery.js HTTP/1.1" 304 0
INFO 2023-08-19 11:08:39,544 basehttp 3364 8376 "GET /static/admin/js/admin/RelatedObjectLookups.js HTTP/1.1" 304 0
INFO 2023-08-19 11:08:39,545 basehttp 3364 3848 "GET /static/admin/js/actions.js HTTP/1.1" 304 0
INFO 2023-08-19 11:08:39,547 basehttp 3364 5376 "GET /static/admin/js/jquery.init.js HTTP/1.1" 304 0
INFO 2023-08-19 11:08:39,558 basehttp 3364 11908 "GET /static/admin/js/urlify.js HTTP/1.1" 304 0
INFO 2023-08-19 11:08:39,559 basehttp 3364 3776 "GET /static/admin/js/core.js HTTP/1.1" 304 0
INFO 2023-08-19 11:08:39,560 basehttp 3364 8376 "GET /static/admin/js/prepopulate.js HTTP/1.1" 304 0
INFO 2023-08-19 11:08:39,561 basehttp 3364 3848 "GET /static/admin/js/vendor/xregexp/xregexp.js HTTP/1.1" 304 0
INFO 2023-08-19 11:08:39,565 basehttp 3364 5540 "GET /admin/jsi18n/ HTTP/1.1" 200 3343
INFO 2023-08-19 11:08:39,578 basehttp 3364 5540 "GET /static/admin/js/filters.js HTTP/1.1" 304 0
INFO 2023-08-19 11:08:39,614 basehttp 3364 5540 "GET /static/admin/img/tooltag-add.svg HTTP/1.1" 304 0
INFO 2023-08-19 11:08:41,534 basehttp 3364 5540 "GET /admin/courses/course/14021002/change/ HTTP/1.1" 200 19438
INFO 2023-08-19 11:08:41,556 basehttp 3364 5540 "GET /static/admin/css/forms.css HTTP/1.1" 304 0
INFO 2023-08-19 11:08:41,563 basehttp 3364 3848 "GET /admin/jsi18n/ HTTP/1.1" 200 3343
INFO 2023-08-19 11:08:41,569 basehttp 3364 5540 "GET /static/admin/css/widgets.css HTTP/1.1" 304 0
INFO 2023-08-19 11:08:41,569 basehttp 3364 3848 "GET /static/admin/js/prepopulate_init.js HTTP/1.1" 304 0
INFO 2023-08-19 11:08:41,583 basehttp 3364 3848 "GET /static/admin/img/icon-viewlink.svg HTTP/1.1" 304 0
INFO 2023-08-19 11:08:41,583 basehttp 3364 5540 "GET /static/admin/js/change_form.js HTTP/1.1" 304 0
INFO 2023-08-19 11:09:14,708 autoreload 3364 7128 D:\Our TAM project\Backend\tam\courses\serializers.py changed, reloading.
INFO 2023-08-19 11:09:15,458 autoreload 12472 11252 Watching for file changes with StatReloader
INFO 2023-08-19 11:09:17,945 autoreload 12472 11252 D:\Our TAM project\Backend\tam\courses\serializers.py changed, reloading.
INFO 2023-08-19 11:09:18,697 autoreload 10552 5772 Watching for file changes with StatReloader
INFO 2023-08-19 11:09:21,021 autoreload 10552 5772 D:\Our TAM project\Backend\tam\courses\serializers.py changed, reloading.
INFO 2023-08-19 11:09:21,700 autoreload 6652 13180 Watching for file changes with StatReloader
INFO 2023-08-19 11:09:24,227 autoreload 6652 13180 D:\Our TAM project\Backend\tam\courses\serializers.py changed, reloading.
INFO 2023-08-19 11:09:24,854 autoreload 12468 2980 Watching for file changes with StatReloader
INFO 2023-08-19 11:09:29,453 autoreload 12468 2980 D:\Our TAM project\Backend\tam\courses\serializers.py changed, reloading.
INFO 2023-08-19 11:09:30,156 autoreload 12068 13036 Watching for file changes with StatReloader
INFO 2023-08-19 11:09:36,554 autoreload 12068 13036 D:\Our TAM project\Backend\tam\courses\serializers.py changed, reloading.
INFO 2023-08-19 11:09:37,294 autoreload 3116 10564 Watching for file changes with StatReloader
INFO 2023-08-19 11:09:47,463 autoreload 3116 10564 D:\Our TAM project\Backend\tam\courses\serializers.py changed, reloading.
INFO 2023-08-19 11:09:48,169 autoreload 9532 7328 Watching for file changes with StatReloader
INFO 2023-08-19 11:10:07,964 autoreload 9532 7328 D:\Our TAM project\Backend\tam\courses\serializers.py changed, reloading.
INFO 2023-08-19 11:10:08,645 autoreload 1560 10696 Watching for file changes with StatReloader
INFO 2023-08-19 11:10:36,108 autoreload 1560 10696 D:\Our TAM project\Backend\tam\courses\urls.py changed, reloading.
INFO 2023-08-19 11:10:36,829 autoreload 7900 12820 Watching for file changes with StatReloader
INFO 2023-08-19 11:10:43,131 autoreload 7900 12820 D:\Our TAM project\Backend\tam\courses\urls.py changed, reloading.
INFO 2023-08-19 11:10:43,837 autoreload 7108 8956 Watching for file changes with StatReloader
INFO 2023-08-19 11:10:48,201 autoreload 7108 8956 D:\Our TAM project\Backend\tam\courses\urls.py changed, reloading.
INFO 2023-08-19 11:10:49,058 autoreload 9936 12268 Watching for file changes with StatReloader
INFO 2023-08-19 11:11:03,565 autoreload 9936 12268 D:\Our TAM project\Backend\tam\courses\urls.py changed, reloading.
INFO 2023-08-19 11:11:04,305 autoreload 8904 2652 Watching for file changes with StatReloader
INFO 2023-08-19 11:11:11,042 autoreload 8904 2652 D:\Our TAM project\Backend\tam\courses\urls.py changed, reloading.
INFO 2023-08-19 11:11:11,809 autoreload 11316 13020 Watching for file changes with StatReloader
INFO 2023-08-19 11:11:20,149 autoreload 11316 13020 D:\Our TAM project\Backend\tam\courses\views.py changed, reloading.
INFO 2023-08-19 11:11:20,802 autoreload 6596 9872 Watching for file changes with StatReloader
INFO 2023-08-19 11:11:40,673 autoreload 6596 9872 D:\Our TAM project\Backend\tam\courses\serializers.py changed, reloading.
INFO 2023-08-19 11:11:41,322 autoreload 7052 10208 Watching for file changes with StatReloader
INFO 2023-08-19 11:11:45,665 autoreload 7052 10208 D:\Our TAM project\Backend\tam\courses\serializers.py changed, reloading.
INFO 2023-08-19 11:11:46,310 autoreload 9360 2980 Watching for file changes with StatReloader
INFO 2023-08-19 11:11:56,047 autoreload 9360 2980 D:\Our TAM project\Backend\tam\courses\serializers.py changed, reloading.
INFO 2023-08-19 11:11:56,729 autoreload 8272 1708 Watching for file changes with StatReloader
INFO 2023-08-19 11:11:59,348 autoreload 8272 1708 D:\Our TAM project\Backend\tam\courses\serializers.py changed, reloading.
INFO 2023-08-19 11:12:00,187 autoreload 1620 1092 Watching for file changes with StatReloader
INFO 2023-08-19 11:12:04,692 autoreload 1620 1092 D:\Our TAM project\Backend\tam\courses\serializers.py changed, reloading.
INFO 2023-08-19 11:12:05,467 autoreload 13152 11840 Watching for file changes with StatReloader
INFO 2023-08-19 11:12:11,724 autoreload 13152 11840 D:\Our TAM project\Backend\tam\courses\serializers.py changed, reloading.
INFO 2023-08-19 11:12:12,349 autoreload 7252 12296 Watching for file changes with StatReloader
INFO 2023-08-19 11:13:04,042 autoreload 7252 12296 D:\Our TAM project\Backend\tam\courses\views.py changed, reloading.
INFO 2023-08-19 11:13:04,916 autoreload 8328 1696 Watching for file changes with StatReloader
INFO 2023-08-19 11:13:11,233 autoreload 8328 1696 D:\Our TAM project\Backend\tam\courses\views.py changed, reloading.
INFO 2023-08-19 11:13:11,952 autoreload 12964 10608 Watching for file changes with StatReloader
INFO 2023-08-19 11:13:14,379 autoreload 12964 10608 D:\Our TAM project\Backend\tam\courses\views.py changed, reloading.
INFO 2023-08-19 11:13:15,141 autoreload 9132 1216 Watching for file changes with StatReloader
INFO 2023-08-19 11:13:17,378 autoreload 9132 1216 D:\Our TAM project\Backend\tam\courses\views.py changed, reloading.
INFO 2023-08-19 11:13:17,980 autoreload 4276 7448 Watching for file changes with StatReloader
INFO 2023-08-19 11:13:49,712 autoreload 4276 7448 D:\Our TAM project\Backend\tam\courses\views.py changed, reloading.
INFO 2023-08-19 11:13:50,358 autoreload 10700 4800 Watching for file changes with StatReloader
INFO 2023-08-19 11:14:31,528 autoreload 10700 4800 D:\Our TAM project\Backend\tam\courses\views.py changed, reloading.
INFO 2023-08-19 11:14:32,176 autoreload 2612 13040 Watching for file changes with StatReloader
INFO 2023-08-19 11:14:36,317 autoreload 2612 13040 D:\Our TAM project\Backend\tam\courses\views.py changed, reloading.
INFO 2023-08-19 11:14:36,911 autoreload 9776 10152 Watching for file changes with StatReloader
INFO 2023-08-19 11:14:44,390 autoreload 9776 10152 D:\Our TAM project\Backend\tam\courses\views.py changed, reloading.
INFO 2023-08-19 11:14:45,002 autoreload 10256 4340 Watching for file changes with StatReloader
INFO 2023-08-19 11:14:49,196 autoreload 10256 4340 D:\Our TAM project\Backend\tam\courses\views.py changed, reloading.
INFO 2023-08-19 11:14:49,992 autoreload 10708 3188 Watching for file changes with StatReloader
INFO 2023-08-19 11:14:56,353 autoreload 10708 3188 D:\Our TAM project\Backend\tam\courses\views.py changed, reloading.
INFO 2023-08-19 11:14:56,993 autoreload 11444 6960 Watching for file changes with StatReloader
INFO 2023-08-19 11:14:59,543 autoreload 11444 6960 D:\Our TAM project\Backend\tam\courses\views.py changed, reloading.
INFO 2023-08-19 11:15:00,395 autoreload 4396 13244 Watching for file changes with StatReloader
INFO 2023-08-19 11:15:06,800 autoreload 4396 13244 D:\Our TAM project\Backend\tam\courses\views.py changed, reloading.
INFO 2023-08-19 11:15:07,501 autoreload 6584 7836 Watching for file changes with StatReloader
INFO 2023-08-19 11:15:13,761 autoreload 6584 7836 D:\Our TAM project\Backend\tam\courses\views.py changed, reloading.
INFO 2023-08-19 11:15:14,373 autoreload 7864 11752 Watching for file changes with StatReloader
INFO 2023-08-19 11:15:16,836 autoreload 7864 11752 D:\Our TAM project\Backend\tam\courses\views.py changed, reloading.
INFO 2023-08-19 11:15:17,505 autoreload 1244 12668 Watching for file changes with StatReloader
INFO 2023-08-19 11:15:27,706 autoreload 1244 12668 D:\Our TAM project\Backend\tam\courses\views.py changed, reloading.
INFO 2023-08-19 11:15:28,377 autoreload 3276 11628 Watching for file changes with StatReloader
INFO 2023-08-19 11:15:38,171 autoreload 3276 11628 D:\Our TAM project\Backend\tam\courses\views.py changed, reloading.
INFO 2023-08-19 11:15:38,875 autoreload 8924 644 Watching for file changes with StatReloader
INFO 2023-08-19 11:15:41,561 autoreload 8924 644 D:\Our TAM project\Backend\tam\courses\views.py changed, reloading.
INFO 2023-08-19 11:15:42,412 autoreload 8896 10180 Watching for file changes with StatReloader
INFO 2023-08-19 11:15:47,027 autoreload 8896 10180 D:\Our TAM project\Backend\tam\courses\views.py changed, reloading.
INFO 2023-08-19 11:15:47,817 autoreload 13036 12068 Watching for file changes with StatReloader
INFO 2023-08-19 11:15:52,506 autoreload 13036 12068 D:\Our TAM project\Backend\tam\courses\views.py changed, reloading.
INFO 2023-08-19 11:15:53,139 autoreload 7888 11124 Watching for file changes with StatReloader
INFO 2023-08-19 11:16:11,601 autoreload 7888 11124 D:\Our TAM project\Backend\tam\courses\views.py changed, reloading.
INFO 2023-08-19 11:16:12,263 autoreload 10364 11288 Watching for file changes with StatReloader
INFO 2023-08-19 11:16:16,675 autoreload 10364 11288 D:\Our TAM project\Backend\tam\courses\views.py changed, reloading.
INFO 2023-08-19 11:16:17,275 autoreload 7112 11980 Watching for file changes with StatReloader
INFO 2023-08-19 11:16:32,349 autoreload 7112 11980 D:\Our TAM project\Backend\tam\courses\views.py changed, reloading.
INFO 2023-08-19 11:16:32,931 autoreload 3100 10864 Watching for file changes with StatReloader
INFO 2023-08-19 11:16:37,271 autoreload 3100 10864 D:\Our TAM project\Backend\tam\courses\views.py changed, reloading.
INFO 2023-08-19 11:16:38,001 autoreload 7948 4680 Watching for file changes with StatReloader
INFO 2023-08-19 11:16:40,424 autoreload 7948 4680 D:\Our TAM project\Backend\tam\courses\views.py changed, reloading.
INFO 2023-08-19 11:16:41,037 autoreload 1028 12412 Watching for file changes with StatReloader
INFO 2023-08-19 11:16:48,821 autoreload 1028 12412 D:\Our TAM project\Backend\tam\courses\views.py changed, reloading.
INFO 2023-08-19 11:16:49,471 autoreload 2728 8340 Watching for file changes with StatReloader
INFO 2023-08-19 11:16:51,806 autoreload 2728 8340 D:\Our TAM project\Backend\tam\courses\views.py changed, reloading.
INFO 2023-08-19 11:16:52,409 autoreload 2308 3972 Watching for file changes with StatReloader
INFO 2023-08-19 11:16:56,643 autoreload 2308 3972 D:\Our TAM project\Backend\tam\courses\views.py changed, reloading.
INFO 2023-08-19 11:16:57,323 autoreload 13148 12932 Watching for file changes with StatReloader
INFO 2023-08-19 11:17:08,927 autoreload 13148 12932 D:\Our TAM project\Backend\tam\courses\views.py changed, reloading.
INFO 2023-08-19 11:17:09,639 autoreload 3128 12092 Watching for file changes with StatReloader
INFO 2023-08-19 11:17:16,047 autoreload 3128 12092 D:\Our TAM project\Backend\tam\courses\views.py changed, reloading.
INFO 2023-08-19 11:17:16,828 autoreload 12472 11392 Watching for file changes with StatReloader
INFO 2023-08-19 11:17:37,927 autoreload 12472 11392 D:\Our TAM project\Backend\tam\courses\views.py changed, reloading.
INFO 2023-08-19 11:17:38,568 autoreload 1000 10840 Watching for file changes with StatReloader
INFO 2023-08-19 11:17:43,000 autoreload 1000 10840 D:\Our TAM project\Backend\tam\courses\views.py changed, reloading.
INFO 2023-08-19 11:17:43,692 autoreload 10476 7432 Watching for file changes with StatReloader
INFO 2023-08-19 11:17:46,445 autoreload 10476 7432 D:\Our TAM project\Backend\tam\courses\views.py changed, reloading.
INFO 2023-08-19 11:17:47,214 autoreload 12420 10752 Watching for file changes with StatReloader
INFO 2023-08-19 11:17:57,934 autoreload 12420 10752 D:\Our TAM project\Backend\tam\courses\views.py changed, reloading.
INFO 2023-08-19 11:17:58,581 autoreload 10700 7232 Watching for file changes with StatReloader
INFO 2023-08-19 11:18:08,332 autoreload 10700 7232 D:\Our TAM project\Backend\tam\courses\views.py changed, reloading.
INFO 2023-08-19 11:18:09,152 autoreload 3780 10152 Watching for file changes with StatReloader
INFO 2023-08-19 11:18:11,629 autoreload 3780 10152 D:\Our TAM project\Backend\tam\courses\views.py changed, reloading.
INFO 2023-08-19 11:18:12,618 autoreload 3116 13156 Watching for file changes with StatReloader
INFO 2023-08-19 11:18:18,913 autoreload 3116 13156 D:\Our TAM project\Backend\tam\courses\views.py changed, reloading.
INFO 2023-08-19 11:18:19,534 autoreload 2908 7584 Watching for file changes with StatReloader
INFO 2023-08-19 11:18:21,962 autoreload 2908 7584 D:\Our TAM project\Backend\tam\courses\views.py changed, reloading.
INFO 2023-08-19 11:18:22,672 autoreload 6336 12892 Watching for file changes with StatReloader
INFO 2023-08-19 11:18:25,333 autoreload 6336 12892 D:\Our TAM project\Backend\tam\courses\views.py changed, reloading.
INFO 2023-08-19 11:18:25,962 autoreload 13244 3372 Watching for file changes with StatReloader
INFO 2023-08-19 11:19:03,961 autoreload 13244 3372 D:\Our TAM project\Backend\tam\courses\views.py changed, reloading.
INFO 2023-08-19 11:19:04,625 autoreload 1644 12640 Watching for file changes with StatReloader
INFO 2023-08-19 11:19:09,098 autoreload 1644 12640 D:\Our TAM project\Backend\tam\courses\views.py changed, reloading.
INFO 2023-08-19 11:19:09,767 autoreload 3920 5396 Watching for file changes with StatReloader
INFO 2023-08-19 11:19:12,437 autoreload 3920 5396 D:\Our TAM project\Backend\tam\courses\views.py changed, reloading.
INFO 2023-08-19 11:19:13,217 autoreload 7088 3888 Watching for file changes with StatReloader
INFO 2023-08-19 11:19:15,622 autoreload 7088 3888 D:\Our TAM project\Backend\tam\courses\views.py changed, reloading.
INFO 2023-08-19 11:19:16,342 autoreload 1404 7524 Watching for file changes with StatReloader
INFO 2023-08-19 11:19:28,382 autoreload 1404 7524 D:\Our TAM project\Backend\tam\courses\views.py changed, reloading.
INFO 2023-08-19 11:19:28,962 autoreload 6320 12412 Watching for file changes with StatReloader
INFO 2023-08-19 11:19:37,052 autoreload 6320 12412 D:\Our TAM project\Backend\tam\courses\views.py changed, reloading.
INFO 2023-08-19 11:19:37,738 autoreload 12008 10952 Watching for file changes with StatReloader
INFO 2023-08-19 11:21:27,337 autoreload 12008 10952 D:\Our TAM project\Backend\tam\courses\urls.py changed, reloading.
INFO 2023-08-19 11:21:27,975 autoreload 8144 10396 Watching for file changes with StatReloader
INFO 2023-08-19 11:21:35,789 autoreload 8144 10396 D:\Our TAM project\Backend\tam\courses\urls.py changed, reloading.
INFO 2023-08-19 11:21:36,441 autoreload 12324 12728 Watching for file changes with StatReloader
INFO 2023-08-19 11:21:38,910 autoreload 12324 12728 D:\Our TAM project\Backend\tam\courses\urls.py changed, reloading.
INFO 2023-08-19 11:21:39,630 autoreload 9060 12112 Watching for file changes with StatReloader
INFO 2023-08-19 11:21:45,493 autoreload 9060 12112 D:\Our TAM project\Backend\tam\courses\views.py changed, reloading.
INFO 2023-08-19 11:21:46,089 autoreload 10992 7116 Watching for file changes with StatReloader
INFO 2023-08-19 11:21:56,079 autoreload 10992 7116 D:\Our TAM project\Backend\tam\courses\urls.py changed, reloading.
INFO 2023-08-19 11:21:56,708 autoreload 4452 7996 Watching for file changes with StatReloader
INFO 2023-08-19 11:22:08,802 autoreload 4452 7996 D:\Our TAM project\Backend\tam\users\urls.py changed, reloading.
INFO 2023-08-19 11:22:09,466 autoreload 6960 7560 Watching for file changes with StatReloader
INFO 2023-08-19 11:22:13,707 autoreload 6960 7560 D:\Our TAM project\Backend\tam\users\urls.py changed, reloading.
INFO 2023-08-19 11:22:14,417 autoreload 13188 10380 Watching for file changes with StatReloader
INFO 2023-08-19 11:22:22,690 autoreload 13188 10380 D:\Our TAM project\Backend\tam\users\views.py changed, reloading.
INFO 2023-08-19 11:22:23,340 autoreload 13028 5780 Watching for file changes with StatReloader
INFO 2023-08-19 11:22:29,359 autoreload 13028 5780 D:\Our TAM project\Backend\tam\users\views.py changed, reloading.
INFO 2023-08-19 11:22:29,993 autoreload 8144 7996 Watching for file changes with StatReloader
INFO 2023-08-19 11:22:34,277 autoreload 8144 7996 D:\Our TAM project\Backend\tam\users\views.py changed, reloading.
INFO 2023-08-19 11:22:34,936 autoreload 10596 7560 Watching for file changes with StatReloader
INFO 2023-08-19 11:22:46,840 autoreload 10596 7560 D:\Our TAM project\Backend\tam\users\views.py changed, reloading.
INFO 2023-08-19 11:22:47,602 autoreload 4844 12672 Watching for file changes with StatReloader
INFO 2023-08-19 11:22:53,713 autoreload 4844 12672 D:\Our TAM project\Backend\tam\users\views.py changed, reloading.
INFO 2023-08-19 11:22:54,424 autoreload 12892 5100 Watching for file changes with StatReloader
INFO 2023-08-19 11:22:57,014 autoreload 12892 5100 D:\Our TAM project\Backend\tam\users\views.py changed, reloading.
INFO 2023-08-19 11:22:57,670 autoreload 5188 9468 Watching for file changes with StatReloader
INFO 2023-08-19 11:23:00,383 autoreload 5188 9468 D:\Our TAM project\Backend\tam\users\views.py changed, reloading.
INFO 2023-08-19 11:23:01,086 autoreload 10384 280 Watching for file changes with StatReloader
